{"numTotalTestSuites":75,"numPassedTestSuites":33,"numFailedTestSuites":42,"numPendingTestSuites":0,"numTotalTests":109,"numPassedTests":49,"numFailedTests":59,"numPendingTests":1,"numTodoTests":0,"snapshot":{"added":0,"failure":false,"filesAdded":0,"filesRemoved":0,"filesRemovedList":[],"filesUnmatched":0,"filesUpdated":0,"matched":0,"total":0,"unchecked":0,"uncheckedKeysByFile":[],"unmatched":0,"updated":0,"didUpdate":false},"startTime":1772404961115,"success":false,"testResults":[{"assertionResults":[{"ancestorTitles":["SAE pipeline hardening"],"fullName":"SAE pipeline hardening WSB run tracker start/complete stores run stats","status":"passed","title":"WSB run tracker start/complete stores run stats","duration":69.93837499999998,"failureMessages":[],"meta":{}},{"ancestorTitles":["SAE pipeline hardening"],"fullName":"SAE pipeline hardening CDR freshness gate passes for fresh completed run","status":"passed","title":"CDR freshness gate passes for fresh completed run","duration":47.68704199999999,"failureMessages":[],"meta":{}},{"ancestorTitles":["SAE pipeline hardening"],"fullName":"SAE pipeline hardening CDR freshness gate fails for stale run","status":"passed","title":"CDR freshness gate fails for stale run","duration":40.29729200000003,"failureMessages":[],"meta":{}},{"ancestorTitles":["SAE pipeline hardening"],"fullName":"SAE pipeline hardening CDR freshness gate fails for high error ratio","status":"passed","title":"CDR freshness gate fails for high error ratio","duration":40.572584000000006,"failureMessages":[],"meta":{}}],"startTime":1772404961491,"endTime":1772404961689.5725,"status":"passed","message":"","name":"/Users/hd/openclaw/tests/sae-pipeline.test.ts"},{"assertionResults":[{"ancestorTitles":["check-cron-delivery"],"fullName":"check-cron-delivery exits cleanly when there are no failures","status":"failed","title":"exits cleanly when there are no failures","duration":36.92595799999998,"failureMessages":["Error: promise resolved \"{ [Symbol(Symbol.toStringTag)]: 'Mod…' }\" instead of rejecting\n    at _Assertion.__VITEST_REJECTS__ (file:///Users/hd/openclaw/node_modules/@vitest/expect/dist/index.js:1675:17)\n    at _Assertion.propertyGetter (file:///Users/hd/openclaw/node_modules/chai/index.js:1570:27)\n    at Reflect.get (<anonymous>)\n    at Object.proxyGetter [as get] (file:///Users/hd/openclaw/node_modules/chai/index.js:1659:22)\n    at /Users/hd/openclaw/tests/alerting/check-cron-delivery.test.ts:54:76\n    at file:///Users/hd/openclaw/node_modules/@vitest/runner/dist/index.js:145:11\n    at file:///Users/hd/openclaw/node_modules/@vitest/runner/dist/index.js:915:26\n    at file:///Users/hd/openclaw/node_modules/@vitest/runner/dist/index.js:1243:20\n    at new Promise (<anonymous>)\n    at runWithTimeout (file:///Users/hd/openclaw/node_modules/@vitest/runner/dist/index.js:1209:10)"],"meta":{}},{"ancestorTitles":["check-cron-delivery"],"fullName":"check-cron-delivery logs failures but skips psql when executable missing","status":"failed","title":"logs failures but skips psql when executable missing","duration":7.899540999999999,"failureMessages":["Error: promise resolved \"{ [Symbol(Symbol.toStringTag)]: 'Mod…' }\" instead of rejecting\n    at _Assertion.__VITEST_REJECTS__ (file:///Users/hd/openclaw/node_modules/@vitest/expect/dist/index.js:1675:17)\n    at _Assertion.propertyGetter (file:///Users/hd/openclaw/node_modules/chai/index.js:1570:27)\n    at Reflect.get (<anonymous>)\n    at Object.proxyGetter [as get] (file:///Users/hd/openclaw/node_modules/chai/index.js:1659:22)\n    at /Users/hd/openclaw/tests/alerting/check-cron-delivery.test.ts:78:76\n    at file:///Users/hd/openclaw/node_modules/@vitest/runner/dist/index.js:145:11\n    at file:///Users/hd/openclaw/node_modules/@vitest/runner/dist/index.js:915:26\n    at file:///Users/hd/openclaw/node_modules/@vitest/runner/dist/index.js:1243:20\n    at new Promise (<anonymous>)\n    at runWithTimeout (file:///Users/hd/openclaw/node_modules/@vitest/runner/dist/index.js:1209:10)"],"meta":{}},{"ancestorTitles":["check-cron-delivery"],"fullName":"check-cron-delivery inserts events when failures found and psql is executable","status":"failed","title":"inserts events when failures found and psql is executable","duration":2.965457999999984,"failureMessages":["Error: promise resolved \"{ [Symbol(Symbol.toStringTag)]: 'Mod…' }\" instead of rejecting\n    at _Assertion.__VITEST_REJECTS__ (file:///Users/hd/openclaw/node_modules/@vitest/expect/dist/index.js:1675:17)\n    at _Assertion.propertyGetter (file:///Users/hd/openclaw/node_modules/chai/index.js:1570:27)\n    at Reflect.get (<anonymous>)\n    at Object.proxyGetter [as get] (file:///Users/hd/openclaw/node_modules/chai/index.js:1659:22)\n    at /Users/hd/openclaw/tests/alerting/check-cron-delivery.test.ts:101:76\n    at file:///Users/hd/openclaw/node_modules/@vitest/runner/dist/index.js:145:11\n    at file:///Users/hd/openclaw/node_modules/@vitest/runner/dist/index.js:915:26\n    at file:///Users/hd/openclaw/node_modules/@vitest/runner/dist/index.js:1243:20\n    at new Promise (<anonymous>)\n    at runWithTimeout (file:///Users/hd/openclaw/node_modules/@vitest/runner/dist/index.js:1209:10)"],"meta":{}}],"startTime":1772404961272,"endTime":1772404961319.9656,"status":"failed","message":"","name":"/Users/hd/openclaw/tests/alerting/check-cron-delivery.test.ts"},{"assertionResults":[{"ancestorTitles":["cost-breaker"],"fullName":"cost-breaker prints help and exits cleanly","status":"failed","title":"prints help and exits cleanly","duration":9.655124999999998,"failureMessages":["AssertionError: expected [Function] to throw error including 'process.exit:0' but got 'Transform failed with 1 error:\\n/User…'\n    at _Assertion.<anonymous> (file:///Users/hd/openclaw/node_modules/@vitest/expect/dist/index.js:1485:16)\n    at _Assertion.<anonymous> (file:///Users/hd/openclaw/node_modules/@vitest/expect/dist/index.js:1090:14)\n    at _Assertion.methodWrapper (file:///Users/hd/openclaw/node_modules/chai/index.js:1700:25)\n    at file:///Users/hd/openclaw/node_modules/@vitest/expect/dist/index.js:1704:20\n    at processTicksAndRejections (node:internal/process/task_queues:105:5)\n    at /Users/hd/openclaw/tests/alerting/cost-breaker.test.ts:63:5\n    at file:///Users/hd/openclaw/node_modules/@vitest/runner/dist/index.js:915:20"],"meta":{}},{"ancestorTitles":["cost-breaker"],"fullName":"cost-breaker requires a session key for kill-runaway","status":"failed","title":"requires a session key for kill-runaway","duration":5.157375000000002,"failureMessages":["AssertionError: expected [Function] to throw error including 'process.exit:2' but got 'Transform failed with 1 error:\\n/User…'\n    at _Assertion.<anonymous> (file:///Users/hd/openclaw/node_modules/@vitest/expect/dist/index.js:1485:16)\n    at _Assertion.<anonymous> (file:///Users/hd/openclaw/node_modules/@vitest/expect/dist/index.js:1090:14)\n    at _Assertion.methodWrapper (file:///Users/hd/openclaw/node_modules/chai/index.js:1700:25)\n    at file:///Users/hd/openclaw/node_modules/@vitest/expect/dist/index.js:1704:20\n    at processTicksAndRejections (node:internal/process/task_queues:105:5)\n    at /Users/hd/openclaw/tests/alerting/cost-breaker.test.ts:74:5\n    at file:///Users/hd/openclaw/node_modules/@vitest/runner/dist/index.js:915:20"],"meta":{}},{"ancestorTitles":["cost-breaker"],"fullName":"cost-breaker writes a flag and sends a telegram alert on critical breach","status":"failed","title":"writes a flag and sends a telegram alert on critical breach","duration":3.4410000000000025,"failureMessages":["Error: Transform failed with 1 error:\n/Users/hd/openclaw/tools/alerting/cost-breaker.ts:154:106: ERROR: Expected \")\" but found \";\"\n    at failureErrorWithLog (/Users/hd/openclaw/node_modules/esbuild/lib/main.js:1467:15)\n    at /Users/hd/openclaw/node_modules/esbuild/lib/main.js:736:50\n    at responseCallbacks.<computed> (/Users/hd/openclaw/node_modules/esbuild/lib/main.js:603:9)\n    at handleIncomingPacket (/Users/hd/openclaw/node_modules/esbuild/lib/main.js:658:12)\n    at Socket.readFromStdout (/Users/hd/openclaw/node_modules/esbuild/lib/main.js:581:7)\n    at Socket.emit (node:events:519:28)\n    at addChunk (node:internal/streams/readable:561:12)\n    at readableAddChunkPushByteMode (node:internal/streams/readable:512:3)\n    at Socket.Readable.push (node:internal/streams/readable:392:5)\n    at Pipe.onStreamRead (node:internal/stream_base_commons:189:23)"],"meta":{}}],"startTime":1772404961446,"endTime":1772404961464.441,"status":"failed","message":"","name":"/Users/hd/openclaw/tests/alerting/cost-breaker.test.ts"},{"assertionResults":[{"ancestorTitles":["cron-preflight"],"fullName":"cron-preflight requires a cron name","status":"passed","title":"requires a cron name","duration":14.135416000000006,"failureMessages":[],"meta":{}},{"ancestorTitles":["cron-preflight"],"fullName":"cron-preflight quarantines on unknown check","status":"passed","title":"quarantines on unknown check","duration":2.173833000000002,"failureMessages":[],"meta":{}},{"ancestorTitles":["cron-preflight"],"fullName":"cron-preflight releases quarantine when required checks pass","status":"passed","title":"releases quarantine when required checks pass","duration":0.9591250000000002,"failureMessages":[],"meta":{}}],"startTime":1772404961582,"endTime":1772404961599.9592,"status":"passed","message":"","name":"/Users/hd/openclaw/tests/alerting/cron-preflight.test.ts"},{"assertionResults":[{"ancestorTitles":["emit-alert-intent"],"fullName":"emit-alert-intent exits when psql is missing","status":"passed","title":"exits when psql is missing","duration":13.473958999999994,"failureMessages":[],"meta":{}},{"ancestorTitles":["emit-alert-intent"],"fullName":"emit-alert-intent generates intent id and expected delivery time when missing","status":"passed","title":"generates intent id and expected delivery time when missing","duration":2.5484579999999966,"failureMessages":[],"meta":{}},{"ancestorTitles":["emit-alert-intent"],"fullName":"emit-alert-intent honors provided arguments","status":"passed","title":"honors provided arguments","duration":0.5956659999999943,"failureMessages":[],"meta":{}}],"startTime":1772404961582,"endTime":1772404961598.5957,"status":"passed","message":"","name":"/Users/hd/openclaw/tests/alerting/emit-alert-intent.test.ts"},{"assertionResults":[{"ancestorTitles":["council-tally"],"fullName":"council-tally requires a session id","status":"failed","title":"requires a session id","duration":13.463583,"failureMessages":["Error: promise resolved \"{ [Symbol(Symbol.toStringTag)]: 'Mod…' }\" instead of rejecting\n    at _Assertion.__VITEST_REJECTS__ (file:///Users/hd/openclaw/node_modules/@vitest/expect/dist/index.js:1675:17)\n    at _Assertion.propertyGetter (file:///Users/hd/openclaw/node_modules/chai/index.js:1570:27)\n    at Reflect.get (<anonymous>)\n    at Object.proxyGetter [as get] (file:///Users/hd/openclaw/node_modules/chai/index.js:1659:22)\n    at /Users/hd/openclaw/tests/council/council-tally.test.ts:28:69\n    at file:///Users/hd/openclaw/node_modules/@vitest/runner/dist/index.js:145:11\n    at file:///Users/hd/openclaw/node_modules/@vitest/runner/dist/index.js:915:26\n    at file:///Users/hd/openclaw/node_modules/@vitest/runner/dist/index.js:1243:20\n    at new Promise (<anonymous>)\n    at runWithTimeout (file:///Users/hd/openclaw/node_modules/@vitest/runner/dist/index.js:1209:10)"],"meta":{}},{"ancestorTitles":["council-tally"],"fullName":"council-tally rejects unknown args","status":"failed","title":"rejects unknown args","duration":1.368707999999998,"failureMessages":["Error: promise resolved \"{ [Symbol(Symbol.toStringTag)]: 'Mod…' }\" instead of rejecting\n    at _Assertion.__VITEST_REJECTS__ (file:///Users/hd/openclaw/node_modules/@vitest/expect/dist/index.js:1675:17)\n    at _Assertion.propertyGetter (file:///Users/hd/openclaw/node_modules/chai/index.js:1570:27)\n    at Reflect.get (<anonymous>)\n    at Object.proxyGetter [as get] (file:///Users/hd/openclaw/node_modules/chai/index.js:1659:22)\n    at /Users/hd/openclaw/tests/council/council-tally.test.ts:38:69\n    at file:///Users/hd/openclaw/node_modules/@vitest/runner/dist/index.js:145:11\n    at file:///Users/hd/openclaw/node_modules/@vitest/runner/dist/index.js:915:26\n    at file:///Users/hd/openclaw/node_modules/@vitest/runner/dist/index.js:1243:20\n    at new Promise (<anonymous>)\n    at runWithTimeout (file:///Users/hd/openclaw/node_modules/@vitest/runner/dist/index.js:1209:10)"],"meta":{}},{"ancestorTitles":["council-tally"],"fullName":"council-tally fails when psql errors","status":"failed","title":"fails when psql errors","duration":1.0275829999999928,"failureMessages":["Error: promise resolved \"{ [Symbol(Symbol.toStringTag)]: 'Mod…' }\" instead of rejecting\n    at _Assertion.__VITEST_REJECTS__ (file:///Users/hd/openclaw/node_modules/@vitest/expect/dist/index.js:1675:17)\n    at _Assertion.propertyGetter (file:///Users/hd/openclaw/node_modules/chai/index.js:1570:27)\n    at Reflect.get (<anonymous>)\n    at Object.proxyGetter [as get] (file:///Users/hd/openclaw/node_modules/chai/index.js:1659:22)\n    at /Users/hd/openclaw/tests/council/council-tally.test.ts:49:69\n    at file:///Users/hd/openclaw/node_modules/@vitest/runner/dist/index.js:145:11\n    at file:///Users/hd/openclaw/node_modules/@vitest/runner/dist/index.js:915:26\n    at file:///Users/hd/openclaw/node_modules/@vitest/runner/dist/index.js:1243:20\n    at new Promise (<anonymous>)\n    at runWithTimeout (file:///Users/hd/openclaw/node_modules/@vitest/runner/dist/index.js:1209:10)"],"meta":{}}],"startTime":1772404961453,"endTime":1772404961469.0276,"status":"failed","message":"","name":"/Users/hd/openclaw/tests/council/council-tally.test.ts"},{"assertionResults":[{"ancestorTitles":["tools/feedback/log-feedback.ts"],"fullName":"tools/feedback/log-feedback.ts has no exported functions (CLI-only module)","status":"passed","title":"has no exported functions (CLI-only module)","duration":0.48808299999998894,"failureMessages":[],"meta":{}},{"ancestorTitles":["tools/feedback/log-feedback.ts"],"fullName":"tools/feedback/log-feedback.ts skips direct import testing because module executes main() at top-level","status":"passed","title":"skips direct import testing because module executes main() at top-level","duration":0.1665830000000028,"failureMessages":[],"meta":{}}],"startTime":1772404961698,"endTime":1772404961698.488,"status":"passed","message":"","name":"/Users/hd/openclaw/tests/feedback/log-feedback.test.ts"},{"assertionResults":[{"ancestorTitles":["spawn-guard"],"fullName":"spawn-guard claims when no active entry exists","status":"failed","title":"claims when no active entry exists","duration":37.408874999999995,"failureMessages":["Error: promise resolved \"{ [Symbol(Symbol.toStringTag)]: 'Mod…' }\" instead of rejecting\n    at _Assertion.__VITEST_REJECTS__ (file:///Users/hd/openclaw/node_modules/@vitest/expect/dist/index.js:1675:17)\n    at _Assertion.propertyGetter (file:///Users/hd/openclaw/node_modules/chai/index.js:1570:27)\n    at Reflect.get (<anonymous>)\n    at Object.proxyGetter [as get] (file:///Users/hd/openclaw/node_modules/chai/index.js:1659:22)\n    at /Users/hd/openclaw/tests/covenant/spawn-guard.test.ts:67:68\n    at file:///Users/hd/openclaw/node_modules/@vitest/runner/dist/index.js:145:11\n    at file:///Users/hd/openclaw/node_modules/@vitest/runner/dist/index.js:915:26\n    at file:///Users/hd/openclaw/node_modules/@vitest/runner/dist/index.js:1243:20\n    at new Promise (<anonymous>)\n    at runWithTimeout (file:///Users/hd/openclaw/node_modules/@vitest/runner/dist/index.js:1209:10)"],"meta":{}},{"ancestorTitles":["spawn-guard"],"fullName":"spawn-guard dedupes when an active entry exists","status":"failed","title":"dedupes when an active entry exists","duration":1.4881249999999966,"failureMessages":["Error: promise resolved \"{ [Symbol(Symbol.toStringTag)]: 'Mod…' }\" instead of rejecting\n    at _Assertion.__VITEST_REJECTS__ (file:///Users/hd/openclaw/node_modules/@vitest/expect/dist/index.js:1675:17)\n    at _Assertion.propertyGetter (file:///Users/hd/openclaw/node_modules/chai/index.js:1570:27)\n    at Reflect.get (<anonymous>)\n    at Object.proxyGetter [as get] (file:///Users/hd/openclaw/node_modules/chai/index.js:1659:22)\n    at /Users/hd/openclaw/tests/covenant/spawn-guard.test.ts:94:68\n    at file:///Users/hd/openclaw/node_modules/@vitest/runner/dist/index.js:145:11\n    at file:///Users/hd/openclaw/node_modules/@vitest/runner/dist/index.js:915:26\n    at file:///Users/hd/openclaw/node_modules/@vitest/runner/dist/index.js:1243:20\n    at new Promise (<anonymous>)\n    at runWithTimeout (file:///Users/hd/openclaw/node_modules/@vitest/runner/dist/index.js:1209:10)"],"meta":{}},{"ancestorTitles":["spawn-guard"],"fullName":"spawn-guard rejects release when run id mismatches","status":"failed","title":"rejects release when run id mismatches","duration":3.336375000000004,"failureMessages":["Error: promise resolved \"{ [Symbol(Symbol.toStringTag)]: 'Mod…' }\" instead of rejecting\n    at _Assertion.__VITEST_REJECTS__ (file:///Users/hd/openclaw/node_modules/@vitest/expect/dist/index.js:1675:17)\n    at _Assertion.propertyGetter (file:///Users/hd/openclaw/node_modules/chai/index.js:1570:27)\n    at Reflect.get (<anonymous>)\n    at Object.proxyGetter [as get] (file:///Users/hd/openclaw/node_modules/chai/index.js:1659:22)\n    at /Users/hd/openclaw/tests/covenant/spawn-guard.test.ts:121:68\n    at file:///Users/hd/openclaw/node_modules/@vitest/runner/dist/index.js:145:11\n    at file:///Users/hd/openclaw/node_modules/@vitest/runner/dist/index.js:915:26\n    at file:///Users/hd/openclaw/node_modules/@vitest/runner/dist/index.js:1243:20\n    at new Promise (<anonymous>)\n    at runWithTimeout (file:///Users/hd/openclaw/node_modules/@vitest/runner/dist/index.js:1209:10)"],"meta":{}}],"startTime":1772404961272,"endTime":1772404961314.3364,"status":"failed","message":"","name":"/Users/hd/openclaw/tests/covenant/spawn-guard.test.ts"},{"assertionResults":[{"ancestorTitles":["validate-memory-boundary"],"fullName":"validate-memory-boundary requires two arguments","status":"failed","title":"requires two arguments","duration":15.18033299999999,"failureMessages":["Error: promise resolved \"{ [Symbol(Symbol.toStringTag)]: 'Mod…' }\" instead of rejecting\n    at _Assertion.__VITEST_REJECTS__ (file:///Users/hd/openclaw/node_modules/@vitest/expect/dist/index.js:1675:17)\n    at _Assertion.propertyGetter (file:///Users/hd/openclaw/node_modules/chai/index.js:1570:27)\n    at Reflect.get (<anonymous>)\n    at Object.proxyGetter [as get] (file:///Users/hd/openclaw/node_modules/chai/index.js:1659:22)\n    at /Users/hd/openclaw/tests/covenant/validate-memory-boundary.test.ts:19:81\n    at file:///Users/hd/openclaw/node_modules/@vitest/runner/dist/index.js:145:11\n    at file:///Users/hd/openclaw/node_modules/@vitest/runner/dist/index.js:915:26\n    at file:///Users/hd/openclaw/node_modules/@vitest/runner/dist/index.js:1243:20\n    at new Promise (<anonymous>)\n    at runWithTimeout (file:///Users/hd/openclaw/node_modules/@vitest/runner/dist/index.js:1209:10)"],"meta":{}},{"ancestorTitles":["validate-memory-boundary"],"fullName":"validate-memory-boundary rejects paths outside the workspace","status":"failed","title":"rejects paths outside the workspace","duration":1.466542000000004,"failureMessages":["Error: promise resolved \"{ [Symbol(Symbol.toStringTag)]: 'Mod…' }\" instead of rejecting\n    at _Assertion.__VITEST_REJECTS__ (file:///Users/hd/openclaw/node_modules/@vitest/expect/dist/index.js:1675:17)\n    at _Assertion.propertyGetter (file:///Users/hd/openclaw/node_modules/chai/index.js:1570:27)\n    at Reflect.get (<anonymous>)\n    at Object.proxyGetter [as get] (file:///Users/hd/openclaw/node_modules/chai/index.js:1659:22)\n    at /Users/hd/openclaw/tests/covenant/validate-memory-boundary.test.ts:31:81\n    at file:///Users/hd/openclaw/node_modules/@vitest/runner/dist/index.js:145:11\n    at file:///Users/hd/openclaw/node_modules/@vitest/runner/dist/index.js:915:26\n    at file:///Users/hd/openclaw/node_modules/@vitest/runner/dist/index.js:1243:20\n    at new Promise (<anonymous>)\n    at runWithTimeout (file:///Users/hd/openclaw/node_modules/@vitest/runner/dist/index.js:1209:10)"],"meta":{}},{"ancestorTitles":["validate-memory-boundary"],"fullName":"validate-memory-boundary allows access to agent scratch","status":"passed","title":"allows access to agent scratch","duration":0.8603750000000048,"failureMessages":[],"meta":{}}],"startTime":1772404961446,"endTime":1772404961463.8604,"status":"failed","message":"","name":"/Users/hd/openclaw/tests/covenant/validate-memory-boundary.test.ts"},{"assertionResults":[{"ancestorTitles":["risk-score"],"fullName":"risk-score requires task-json","status":"failed","title":"requires task-json","duration":38.495125,"failureMessages":["Error: promise resolved \"{ [Symbol(Symbol.toStringTag)]: 'Mod…' }\" instead of rejecting\n    at _Assertion.__VITEST_REJECTS__ (file:///Users/hd/openclaw/node_modules/@vitest/expect/dist/index.js:1675:17)\n    at _Assertion.propertyGetter (file:///Users/hd/openclaw/node_modules/chai/index.js:1570:27)\n    at Reflect.get (<anonymous>)\n    at Object.proxyGetter [as get] (file:///Users/hd/openclaw/node_modules/chai/index.js:1659:22)\n    at /Users/hd/openclaw/tests/governor/risk-score.test.ts:24:67\n    at file:///Users/hd/openclaw/node_modules/@vitest/runner/dist/index.js:145:11\n    at file:///Users/hd/openclaw/node_modules/@vitest/runner/dist/index.js:915:26\n    at file:///Users/hd/openclaw/node_modules/@vitest/runner/dist/index.js:1243:20\n    at new Promise (<anonymous>)\n    at runWithTimeout (file:///Users/hd/openclaw/node_modules/@vitest/runner/dist/index.js:1209:10)"],"meta":{}},{"ancestorTitles":["risk-score"],"fullName":"risk-score denies unknown action types when policy says so","status":"failed","title":"denies unknown action types when policy says so","duration":7.342084,"failureMessages":["Error: promise resolved \"{ [Symbol(Symbol.toStringTag)]: 'Mod…' }\" instead of rejecting\n    at _Assertion.__VITEST_REJECTS__ (file:///Users/hd/openclaw/node_modules/@vitest/expect/dist/index.js:1675:17)\n    at _Assertion.propertyGetter (file:///Users/hd/openclaw/node_modules/chai/index.js:1570:27)\n    at Reflect.get (<anonymous>)\n    at Object.proxyGetter [as get] (file:///Users/hd/openclaw/node_modules/chai/index.js:1659:22)\n    at /Users/hd/openclaw/tests/governor/risk-score.test.ts:35:67\n    at file:///Users/hd/openclaw/node_modules/@vitest/runner/dist/index.js:145:11\n    at file:///Users/hd/openclaw/node_modules/@vitest/runner/dist/index.js:915:26\n    at file:///Users/hd/openclaw/node_modules/@vitest/runner/dist/index.js:1243:20\n    at new Promise (<anonymous>)\n    at runWithTimeout (file:///Users/hd/openclaw/node_modules/@vitest/runner/dist/index.js:1209:10)"],"meta":{}},{"ancestorTitles":["risk-score"],"fullName":"risk-score approves low-risk internal writes","status":"failed","title":"approves low-risk internal writes","duration":1.4177080000000046,"failureMessages":["Error: promise resolved \"{ [Symbol(Symbol.toStringTag)]: 'Mod…' }\" instead of rejecting\n    at _Assertion.__VITEST_REJECTS__ (file:///Users/hd/openclaw/node_modules/@vitest/expect/dist/index.js:1675:17)\n    at _Assertion.propertyGetter (file:///Users/hd/openclaw/node_modules/chai/index.js:1570:27)\n    at Reflect.get (<anonymous>)\n    at Object.proxyGetter [as get] (file:///Users/hd/openclaw/node_modules/chai/index.js:1659:22)\n    at /Users/hd/openclaw/tests/governor/risk-score.test.ts:47:67\n    at file:///Users/hd/openclaw/node_modules/@vitest/runner/dist/index.js:145:11\n    at file:///Users/hd/openclaw/node_modules/@vitest/runner/dist/index.js:915:26\n    at file:///Users/hd/openclaw/node_modules/@vitest/runner/dist/index.js:1243:20\n    at new Promise (<anonymous>)\n    at runWithTimeout (file:///Users/hd/openclaw/node_modules/@vitest/runner/dist/index.js:1209:10)"],"meta":{}}],"startTime":1772404961273,"endTime":1772404961320.4177,"status":"failed","message":"","name":"/Users/hd/openclaw/tests/governor/risk-score.test.ts"},{"assertionResults":[{"ancestorTitles":["heartbeat backup rotation order"],"fullName":"heartbeat backup rotation order keeps prior state in bak.1 when rotating before write","status":"passed","title":"keeps prior state in bak.1 when rotating before write","duration":0.9976249999999993,"failureMessages":[],"meta":{}}],"startTime":1772404961690,"endTime":1772404961690.9976,"status":"passed","message":"","name":"/Users/hd/openclaw/tests/heartbeat/validate-heartbeat-backup-order.test.ts"},{"assertionResults":[{"ancestorTitles":["heartbeat recovery semantics"],"fullName":"heartbeat recovery semantics fails on corrupt state and accepts default fallback","status":"passed","title":"fails on corrupt state and accepts default fallback","duration":0.8492079999999902,"failureMessages":[],"meta":{}}],"startTime":1772404961700,"endTime":1772404961700.849,"status":"passed","message":"","name":"/Users/hd/openclaw/tests/heartbeat/validate-heartbeat-recovery.test.ts"},{"assertionResults":[{"ancestorTitles":["tools/heartbeat/validate-heartbeat-state.ts"],"fullName":"tools/heartbeat/validate-heartbeat-state.ts has no exported functions (CLI-only module)","status":"passed","title":"has no exported functions (CLI-only module)","duration":0.5123750000000058,"failureMessages":[],"meta":{}},{"ancestorTitles":["tools/heartbeat/validate-heartbeat-state.ts"],"fullName":"tools/heartbeat/validate-heartbeat-state.ts skips direct import testing because module executes main() at top-level","status":"passed","title":"skips direct import testing because module executes main() at top-level","duration":0.15983399999998937,"failureMessages":[],"meta":{}}],"startTime":1772404961695,"endTime":1772404961696.16,"status":"passed","message":"","name":"/Users/hd/openclaw/tests/heartbeat/validate-heartbeat-state.test.ts"},{"assertionResults":[{"ancestorTitles":["approval-gate"],"fullName":"approval-gate requires action and risk","status":"failed","title":"requires action and risk","duration":33.95458400000001,"failureMessages":["Error: promise resolved \"{ [Symbol(Symbol.toStringTag)]: 'Mod…' }\" instead of rejecting\n    at _Assertion.__VITEST_REJECTS__ (file:///Users/hd/openclaw/node_modules/@vitest/expect/dist/index.js:1675:17)\n    at _Assertion.propertyGetter (file:///Users/hd/openclaw/node_modules/chai/index.js:1570:27)\n    at Reflect.get (<anonymous>)\n    at Object.proxyGetter [as get] (file:///Users/hd/openclaw/node_modules/chai/index.js:1659:22)\n    at /Users/hd/openclaw/tests/guardrails/approval-gate.test.ts:24:72\n    at file:///Users/hd/openclaw/node_modules/@vitest/runner/dist/index.js:145:11\n    at file:///Users/hd/openclaw/node_modules/@vitest/runner/dist/index.js:915:26\n    at file:///Users/hd/openclaw/node_modules/@vitest/runner/dist/index.js:1243:20\n    at new Promise (<anonymous>)\n    at runWithTimeout (file:///Users/hd/openclaw/node_modules/@vitest/runner/dist/index.js:1209:10)"],"meta":{}},{"ancestorTitles":["approval-gate"],"fullName":"approval-gate auto-approves low risk without fetch","status":"failed","title":"auto-approves low risk without fetch","duration":1.3812910000000045,"failureMessages":["Error: promise resolved \"{ [Symbol(Symbol.toStringTag)]: 'Mod…' }\" instead of rejecting\n    at _Assertion.__VITEST_REJECTS__ (file:///Users/hd/openclaw/node_modules/@vitest/expect/dist/index.js:1675:17)\n    at _Assertion.propertyGetter (file:///Users/hd/openclaw/node_modules/chai/index.js:1570:27)\n    at Reflect.get (<anonymous>)\n    at Object.proxyGetter [as get] (file:///Users/hd/openclaw/node_modules/chai/index.js:1659:22)\n    at /Users/hd/openclaw/tests/guardrails/approval-gate.test.ts:36:72\n    at file:///Users/hd/openclaw/node_modules/@vitest/runner/dist/index.js:145:11\n    at file:///Users/hd/openclaw/node_modules/@vitest/runner/dist/index.js:915:26\n    at file:///Users/hd/openclaw/node_modules/@vitest/runner/dist/index.js:1243:20\n    at new Promise (<anonymous>)\n    at runWithTimeout (file:///Users/hd/openclaw/node_modules/@vitest/runner/dist/index.js:1209:10)"],"meta":{}},{"ancestorTitles":["approval-gate"],"fullName":"approval-gate denies when no chat id is available","status":"failed","title":"denies when no chat id is available","duration":1.1400409999999965,"failureMessages":["Error: promise resolved \"{ [Symbol(Symbol.toStringTag)]: 'Mod…' }\" instead of rejecting\n    at _Assertion.__VITEST_REJECTS__ (file:///Users/hd/openclaw/node_modules/@vitest/expect/dist/index.js:1675:17)\n    at _Assertion.propertyGetter (file:///Users/hd/openclaw/node_modules/chai/index.js:1570:27)\n    at Reflect.get (<anonymous>)\n    at Object.proxyGetter [as get] (file:///Users/hd/openclaw/node_modules/chai/index.js:1659:22)\n    at /Users/hd/openclaw/tests/guardrails/approval-gate.test.ts:54:72\n    at file:///Users/hd/openclaw/node_modules/@vitest/runner/dist/index.js:145:11\n    at file:///Users/hd/openclaw/node_modules/@vitest/runner/dist/index.js:915:26\n    at file:///Users/hd/openclaw/node_modules/@vitest/runner/dist/index.js:1243:20\n    at new Promise (<anonymous>)\n    at runWithTimeout (file:///Users/hd/openclaw/node_modules/@vitest/runner/dist/index.js:1209:10)"],"meta":{}}],"startTime":1772404961273,"endTime":1772404961309.1401,"status":"failed","message":"","name":"/Users/hd/openclaw/tests/guardrails/approval-gate.test.ts"},{"assertionResults":[{"ancestorTitles":["circuit-breaker"],"fullName":"circuit-breaker records a request and writes state","status":"failed","title":"records a request and writes state","duration":44.06145900000001,"failureMessages":["Error: promise resolved \"{ [Symbol(Symbol.toStringTag)]: 'Mod…' }\" instead of rejecting\n    at _Assertion.__VITEST_REJECTS__ (file:///Users/hd/openclaw/node_modules/@vitest/expect/dist/index.js:1675:17)\n    at _Assertion.propertyGetter (file:///Users/hd/openclaw/node_modules/chai/index.js:1570:27)\n    at Reflect.get (<anonymous>)\n    at Object.proxyGetter [as get] (file:///Users/hd/openclaw/node_modules/chai/index.js:1659:22)\n    at /Users/hd/openclaw/tests/guardrails/circuit-breaker.test.ts:42:74\n    at file:///Users/hd/openclaw/node_modules/@vitest/runner/dist/index.js:145:11\n    at file:///Users/hd/openclaw/node_modules/@vitest/runner/dist/index.js:915:26\n    at file:///Users/hd/openclaw/node_modules/@vitest/runner/dist/index.js:1243:20\n    at new Promise (<anonymous>)\n    at runWithTimeout (file:///Users/hd/openclaw/node_modules/@vitest/runner/dist/index.js:1209:10)"],"meta":{}},{"ancestorTitles":["circuit-breaker"],"fullName":"circuit-breaker prints status with ordered providers","status":"failed","title":"prints status with ordered providers","duration":1.5212080000000014,"failureMessages":["Error: promise resolved \"{ [Symbol(Symbol.toStringTag)]: 'Mod…' }\" instead of rejecting\n    at _Assertion.__VITEST_REJECTS__ (file:///Users/hd/openclaw/node_modules/@vitest/expect/dist/index.js:1675:17)\n    at _Assertion.propertyGetter (file:///Users/hd/openclaw/node_modules/chai/index.js:1570:27)\n    at Reflect.get (<anonymous>)\n    at Object.proxyGetter [as get] (file:///Users/hd/openclaw/node_modules/chai/index.js:1659:22)\n    at /Users/hd/openclaw/tests/guardrails/circuit-breaker.test.ts:65:74\n    at file:///Users/hd/openclaw/node_modules/@vitest/runner/dist/index.js:145:11\n    at file:///Users/hd/openclaw/node_modules/@vitest/runner/dist/index.js:915:26\n    at file:///Users/hd/openclaw/node_modules/@vitest/runner/dist/index.js:1243:20\n    at new Promise (<anonymous>)\n    at runWithTimeout (file:///Users/hd/openclaw/node_modules/@vitest/runner/dist/index.js:1209:10)"],"meta":{}},{"ancestorTitles":["circuit-breaker"],"fullName":"circuit-breaker recommends null when no providers exist","status":"failed","title":"recommends null when no providers exist","duration":1.0361249999999984,"failureMessages":["Error: promise resolved \"{ [Symbol(Symbol.toStringTag)]: 'Mod…' }\" instead of rejecting\n    at _Assertion.__VITEST_REJECTS__ (file:///Users/hd/openclaw/node_modules/@vitest/expect/dist/index.js:1675:17)\n    at _Assertion.propertyGetter (file:///Users/hd/openclaw/node_modules/chai/index.js:1570:27)\n    at Reflect.get (<anonymous>)\n    at Object.proxyGetter [as get] (file:///Users/hd/openclaw/node_modules/chai/index.js:1659:22)\n    at /Users/hd/openclaw/tests/guardrails/circuit-breaker.test.ts:78:74\n    at file:///Users/hd/openclaw/node_modules/@vitest/runner/dist/index.js:145:11\n    at file:///Users/hd/openclaw/node_modules/@vitest/runner/dist/index.js:915:26\n    at file:///Users/hd/openclaw/node_modules/@vitest/runner/dist/index.js:1243:20\n    at new Promise (<anonymous>)\n    at runWithTimeout (file:///Users/hd/openclaw/node_modules/@vitest/runner/dist/index.js:1209:10)"],"meta":{}}],"startTime":1772404961272,"endTime":1772404961319.0361,"status":"failed","message":"","name":"/Users/hd/openclaw/tests/guardrails/circuit-breaker.test.ts"},{"assertionResults":[{"ancestorTitles":["exec-guard"],"fullName":"exec-guard requires a command","status":"failed","title":"requires a command","duration":13.083332999999996,"failureMessages":["Error: promise resolved \"{ [Symbol(Symbol.toStringTag)]: 'Mod…' }\" instead of rejecting\n    at _Assertion.__VITEST_REJECTS__ (file:///Users/hd/openclaw/node_modules/@vitest/expect/dist/index.js:1675:17)\n    at _Assertion.propertyGetter (file:///Users/hd/openclaw/node_modules/chai/index.js:1570:27)\n    at Reflect.get (<anonymous>)\n    at Object.proxyGetter [as get] (file:///Users/hd/openclaw/node_modules/chai/index.js:1659:22)\n    at /Users/hd/openclaw/tests/guardrails/exec-guard.test.ts:24:69\n    at file:///Users/hd/openclaw/node_modules/@vitest/runner/dist/index.js:145:11\n    at file:///Users/hd/openclaw/node_modules/@vitest/runner/dist/index.js:915:26\n    at file:///Users/hd/openclaw/node_modules/@vitest/runner/dist/index.js:1243:20\n    at new Promise (<anonymous>)\n    at runWithTimeout (file:///Users/hd/openclaw/node_modules/@vitest/runner/dist/index.js:1209:10)"],"meta":{}},{"ancestorTitles":["exec-guard"],"fullName":"exec-guard blocks gateway restart","status":"failed","title":"blocks gateway restart","duration":1.28370799999999,"failureMessages":["Error: promise resolved \"{ [Symbol(Symbol.toStringTag)]: 'Mod…' }\" instead of rejecting\n    at _Assertion.__VITEST_REJECTS__ (file:///Users/hd/openclaw/node_modules/@vitest/expect/dist/index.js:1675:17)\n    at _Assertion.propertyGetter (file:///Users/hd/openclaw/node_modules/chai/index.js:1570:27)\n    at Reflect.get (<anonymous>)\n    at Object.proxyGetter [as get] (file:///Users/hd/openclaw/node_modules/chai/index.js:1659:22)\n    at /Users/hd/openclaw/tests/guardrails/exec-guard.test.ts:34:69\n    at file:///Users/hd/openclaw/node_modules/@vitest/runner/dist/index.js:145:11\n    at file:///Users/hd/openclaw/node_modules/@vitest/runner/dist/index.js:915:26\n    at file:///Users/hd/openclaw/node_modules/@vitest/runner/dist/index.js:1243:20\n    at new Promise (<anonymous>)\n    at runWithTimeout (file:///Users/hd/openclaw/node_modules/@vitest/runner/dist/index.js:1209:10)"],"meta":{}},{"ancestorTitles":["exec-guard"],"fullName":"exec-guard executes allowed commands","status":"failed","title":"executes allowed commands","duration":1.1784590000000037,"failureMessages":["Error: promise resolved \"{ [Symbol(Symbol.toStringTag)]: 'Mod…' }\" instead of rejecting\n    at _Assertion.__VITEST_REJECTS__ (file:///Users/hd/openclaw/node_modules/@vitest/expect/dist/index.js:1675:17)\n    at _Assertion.propertyGetter (file:///Users/hd/openclaw/node_modules/chai/index.js:1570:27)\n    at Reflect.get (<anonymous>)\n    at Object.proxyGetter [as get] (file:///Users/hd/openclaw/node_modules/chai/index.js:1659:22)\n    at /Users/hd/openclaw/tests/guardrails/exec-guard.test.ts:45:69\n    at file:///Users/hd/openclaw/node_modules/@vitest/runner/dist/index.js:145:11\n    at file:///Users/hd/openclaw/node_modules/@vitest/runner/dist/index.js:915:26\n    at file:///Users/hd/openclaw/node_modules/@vitest/runner/dist/index.js:1243:20\n    at new Promise (<anonymous>)\n    at runWithTimeout (file:///Users/hd/openclaw/node_modules/@vitest/runner/dist/index.js:1209:10)"],"meta":{}}],"startTime":1772404961453,"endTime":1772404961469.1785,"status":"failed","message":"","name":"/Users/hd/openclaw/tests/guardrails/exec-guard.test.ts"},{"assertionResults":[{"ancestorTitles":["tools/lib/db"],"fullName":"tools/lib/db exports prisma as a PrismaClient instance","status":"passed","title":"exports prisma as a PrismaClient instance","duration":7.385542000000001,"failureMessages":[],"meta":{}},{"ancestorTitles":["tools/lib/db"],"fullName":"tools/lib/db exports query/queryJson/execute wrappers as functions","status":"passed","title":"exports query/queryJson/execute wrappers as functions","duration":0.23004200000001163,"failureMessages":[],"meta":{}}],"startTime":1772404961583,"endTime":1772404961590.3855,"status":"passed","message":"","name":"/Users/hd/openclaw/tests/lib/db.test.ts"},{"assertionResults":[{"ancestorTitles":["heartbeat schema"],"fullName":"heartbeat schema accepts valid state","status":"passed","title":"accepts valid state","duration":0.8951250000000073,"failureMessages":[],"meta":{}},{"ancestorTitles":["heartbeat schema"],"fullName":"heartbeat schema rejects missing required checks","status":"passed","title":"rejects missing required checks","duration":0.42958300000000804,"failureMessages":[],"meta":{}},{"ancestorTitles":["heartbeat schema"],"fullName":"heartbeat schema rejects stale timestamps","status":"passed","title":"rejects stale timestamps","duration":0.09641599999999073,"failureMessages":[],"meta":{}}],"startTime":1772404961610,"endTime":1772404961612.0964,"status":"passed","message":"","name":"/Users/hd/openclaw/tests/lib/heartbeat-schema.test.ts"},{"assertionResults":[{"ancestorTitles":["json-file locking + backups"],"fullName":"json-file locking + backups times out when lock is already held","status":"passed","title":"times out when lock is already held","duration":134.62629099999998,"failureMessages":[],"meta":{}},{"ancestorTitles":["json-file locking + backups"],"fullName":"json-file locking + backups rotates backups in ring order","status":"passed","title":"rotates backups in ring order","duration":0.9454170000000204,"failureMessages":[],"meta":{}}],"startTime":1772404961571,"endTime":1772404961706.9453,"status":"passed","message":"","name":"/Users/hd/openclaw/tests/lib/json-file-locking.test.ts"},{"assertionResults":[{"ancestorTitles":["tools/lib/paths"],"fullName":"tools/lib/paths findRepoRoot returns a valid repo path with AGENTS.md or .git","status":"passed","title":"findRepoRoot returns a valid repo path with AGENTS.md or .git","duration":0.49791700000000105,"failureMessages":[],"meta":{}},{"ancestorTitles":["tools/lib/paths"],"fullName":"tools/lib/paths getScriptDir returns a string path","status":"passed","title":"getScriptDir returns a string path","duration":0.11341600000000085,"failureMessages":[],"meta":{}}],"startTime":1772404961705,"endTime":1772404961705.4978,"status":"passed","message":"","name":"/Users/hd/openclaw/tests/lib/paths.test.ts"},{"assertionResults":[{"ancestorTitles":["compact-memory"],"fullName":"compact-memory exits when MEMORY.md is missing","status":"failed","title":"exits when MEMORY.md is missing","duration":38.73316700000001,"failureMessages":["Error: promise resolved \"{ [Symbol(Symbol.toStringTag)]: 'Mod…' }\" instead of rejecting\n    at _Assertion.__VITEST_REJECTS__ (file:///Users/hd/openclaw/node_modules/@vitest/expect/dist/index.js:1675:17)\n    at _Assertion.propertyGetter (file:///Users/hd/openclaw/node_modules/chai/index.js:1570:27)\n    at Reflect.get (<anonymous>)\n    at Object.proxyGetter [as get] (file:///Users/hd/openclaw/node_modules/chai/index.js:1659:22)\n    at /Users/hd/openclaw/tests/memory/compact-memory.test.ts:101:69\n    at file:///Users/hd/openclaw/node_modules/@vitest/runner/dist/index.js:145:11\n    at file:///Users/hd/openclaw/node_modules/@vitest/runner/dist/index.js:915:26\n    at file:///Users/hd/openclaw/node_modules/@vitest/runner/dist/index.js:1243:20\n    at new Promise (<anonymous>)\n    at runWithTimeout (file:///Users/hd/openclaw/node_modules/@vitest/runner/dist/index.js:1209:10)"],"meta":{}},{"ancestorTitles":["compact-memory"],"fullName":"compact-memory archives old daily notes and writes a report","status":"failed","title":"archives old daily notes and writes a report","duration":2.514417000000009,"failureMessages":["AssertionError: expected false to be true // Object.is equality\n    at /Users/hd/openclaw/tests/memory/compact-memory.test.ts:123:41\n    at processTicksAndRejections (node:internal/process/task_queues:105:5)\n    at file:///Users/hd/openclaw/node_modules/@vitest/runner/dist/index.js:915:20"],"meta":{}},{"ancestorTitles":["compact-memory"],"fullName":"compact-memory skips psql logging when psql is not executable","status":"passed","title":"skips psql logging when psql is not executable","duration":2.3030419999999765,"failureMessages":[],"meta":{}}],"startTime":1772404961273,"endTime":1772404961316.303,"status":"failed","message":"","name":"/Users/hd/openclaw/tests/memory/compact-memory.test.ts"},{"assertionResults":[{"ancestorTitles":["decay-scorer"],"fullName":"decay-scorer prints help and exits","status":"failed","title":"prints help and exits","duration":6.761916999999997,"failureMessages":["AssertionError: expected [Function] to throw error including 'process.exit:0' but got 'Cannot find module \\'/tools/memory/de…'\n    at _Assertion.<anonymous> (file:///Users/hd/openclaw/node_modules/@vitest/expect/dist/index.js:1485:16)\n    at _Assertion.<anonymous> (file:///Users/hd/openclaw/node_modules/@vitest/expect/dist/index.js:1090:14)\n    at _Assertion.methodWrapper (file:///Users/hd/openclaw/node_modules/chai/index.js:1700:25)\n    at file:///Users/hd/openclaw/node_modules/@vitest/expect/dist/index.js:1704:20\n    at processTicksAndRejections (node:internal/process/task_queues:105:5)\n    at /Users/hd/openclaw/tests/memory/decay-scorer.test.ts:37:5\n    at file:///Users/hd/openclaw/node_modules/@vitest/runner/dist/index.js:915:20"],"meta":{}},{"ancestorTitles":["decay-scorer"],"fullName":"decay-scorer requires a query","status":"failed","title":"requires a query","duration":2.7359579999999966,"failureMessages":["AssertionError: expected [Function] to throw error including 'process.exit:2' but got 'Cannot find module \\'/tools/memory/de…'\n    at _Assertion.<anonymous> (file:///Users/hd/openclaw/node_modules/@vitest/expect/dist/index.js:1485:16)\n    at _Assertion.<anonymous> (file:///Users/hd/openclaw/node_modules/@vitest/expect/dist/index.js:1090:14)\n    at _Assertion.methodWrapper (file:///Users/hd/openclaw/node_modules/chai/index.js:1700:25)\n    at file:///Users/hd/openclaw/node_modules/@vitest/expect/dist/index.js:1704:20\n    at processTicksAndRejections (node:internal/process/task_queues:105:5)\n    at /Users/hd/openclaw/tests/memory/decay-scorer.test.ts:47:5\n    at file:///Users/hd/openclaw/node_modules/@vitest/runner/dist/index.js:915:20"],"meta":{}},{"ancestorTitles":["decay-scorer"],"fullName":"decay-scorer returns decay-ranked results","status":"failed","title":"returns decay-ranked results","duration":4.134166999999991,"failureMessages":["Error: Cannot find module '/tools/memory/decay-scorer.ts' imported from '/Users/hd/openclaw/tests/test-utils.ts'\n    at reviveInvokeError (file:///Users/hd/openclaw/node_modules/vite/dist/node/module-runner.js:475:14)\n    at Object.invoke (file:///Users/hd/openclaw/node_modules/vite/dist/node/module-runner.js:491:33)\n    at processTicksAndRejections (node:internal/process/task_queues:105:5)\n    at VitestModuleRunner.getModuleInformation (file:///Users/hd/openclaw/node_modules/vite/dist/node/module-runner.js:1086:7)\n    at request (file:///Users/hd/openclaw/node_modules/vite/dist/node/module-runner.js:1103:83)\n    at /Users/hd/openclaw/tests/memory/decay-scorer.test.ts:84:5\n    at file:///Users/hd/openclaw/node_modules/@vitest/runner/dist/index.js:915:20"],"meta":{}}],"startTime":1772404961459,"endTime":1772404961472.1343,"status":"failed","message":"","name":"/Users/hd/openclaw/tests/memory/decay-scorer.test.ts"},{"assertionResults":[{"ancestorTitles":["extract-facts"],"fullName":"extract-facts prints help when no args","status":"failed","title":"prints help when no args","duration":36.15104200000002,"failureMessages":["Error: promise resolved \"{ [Symbol(Symbol.toStringTag)]: 'Mod…' }\" instead of rejecting\n    at _Assertion.__VITEST_REJECTS__ (file:///Users/hd/openclaw/node_modules/@vitest/expect/dist/index.js:1675:17)\n    at _Assertion.propertyGetter (file:///Users/hd/openclaw/node_modules/chai/index.js:1570:27)\n    at Reflect.get (<anonymous>)\n    at Object.proxyGetter [as get] (file:///Users/hd/openclaw/node_modules/chai/index.js:1659:22)\n    at /Users/hd/openclaw/tests/memory/extract-facts.test.ts:14:68\n    at file:///Users/hd/openclaw/node_modules/@vitest/runner/dist/index.js:145:11\n    at file:///Users/hd/openclaw/node_modules/@vitest/runner/dist/index.js:915:26\n    at file:///Users/hd/openclaw/node_modules/@vitest/runner/dist/index.js:1243:20\n    at new Promise (<anonymous>)\n    at runWithTimeout (file:///Users/hd/openclaw/node_modules/@vitest/runner/dist/index.js:1209:10)"],"meta":{}},{"ancestorTitles":["extract-facts"],"fullName":"extract-facts rejects unknown command","status":"failed","title":"rejects unknown command","duration":2.93829199999999,"failureMessages":["Error: promise resolved \"{ [Symbol(Symbol.toStringTag)]: 'Mod…' }\" instead of rejecting\n    at _Assertion.__VITEST_REJECTS__ (file:///Users/hd/openclaw/node_modules/@vitest/expect/dist/index.js:1675:17)\n    at _Assertion.propertyGetter (file:///Users/hd/openclaw/node_modules/chai/index.js:1570:27)\n    at Reflect.get (<anonymous>)\n    at Object.proxyGetter [as get] (file:///Users/hd/openclaw/node_modules/chai/index.js:1659:22)\n    at /Users/hd/openclaw/tests/memory/extract-facts.test.ts:24:68\n    at file:///Users/hd/openclaw/node_modules/@vitest/runner/dist/index.js:145:11\n    at file:///Users/hd/openclaw/node_modules/@vitest/runner/dist/index.js:915:26\n    at file:///Users/hd/openclaw/node_modules/@vitest/runner/dist/index.js:1243:20\n    at new Promise (<anonymous>)\n    at runWithTimeout (file:///Users/hd/openclaw/node_modules/@vitest/runner/dist/index.js:1209:10)"],"meta":{}},{"ancestorTitles":["extract-facts"],"fullName":"extract-facts requires input for extract","status":"failed","title":"requires input for extract","duration":2.2182499999999834,"failureMessages":["Error: promise resolved \"{ [Symbol(Symbol.toStringTag)]: 'Mod…' }\" instead of rejecting\n    at _Assertion.__VITEST_REJECTS__ (file:///Users/hd/openclaw/node_modules/@vitest/expect/dist/index.js:1675:17)\n    at _Assertion.propertyGetter (file:///Users/hd/openclaw/node_modules/chai/index.js:1570:27)\n    at Reflect.get (<anonymous>)\n    at Object.proxyGetter [as get] (file:///Users/hd/openclaw/node_modules/chai/index.js:1659:22)\n    at /Users/hd/openclaw/tests/memory/extract-facts.test.ts:34:68\n    at file:///Users/hd/openclaw/node_modules/@vitest/runner/dist/index.js:145:11\n    at file:///Users/hd/openclaw/node_modules/@vitest/runner/dist/index.js:915:26\n    at file:///Users/hd/openclaw/node_modules/@vitest/runner/dist/index.js:1243:20\n    at new Promise (<anonymous>)\n    at runWithTimeout (file:///Users/hd/openclaw/node_modules/@vitest/runner/dist/index.js:1209:10)"],"meta":{}}],"startTime":1772404961273,"endTime":1772404961314.2183,"status":"failed","message":"","name":"/Users/hd/openclaw/tests/memory/extract-facts.test.ts"},{"assertionResults":[{"ancestorTitles":["safe-memory-search"],"fullName":"safe-memory-search prints help when no args","status":"failed","title":"prints help when no args","duration":6.362958000000006,"failureMessages":["AssertionError: expected [Function] to throw error including 'process.exit:2' but got 'Cannot find module \\'/tools/memory/sa…'\n    at _Assertion.<anonymous> (file:///Users/hd/openclaw/node_modules/@vitest/expect/dist/index.js:1485:16)\n    at _Assertion.<anonymous> (file:///Users/hd/openclaw/node_modules/@vitest/expect/dist/index.js:1090:14)\n    at _Assertion.methodWrapper (file:///Users/hd/openclaw/node_modules/chai/index.js:1700:25)\n    at file:///Users/hd/openclaw/node_modules/@vitest/expect/dist/index.js:1704:20\n    at processTicksAndRejections (node:internal/process/task_queues:105:5)\n    at /Users/hd/openclaw/tests/memory/safe-memory-search.test.ts:54:5\n    at file:///Users/hd/openclaw/node_modules/@vitest/runner/dist/index.js:915:20"],"meta":{}},{"ancestorTitles":["safe-memory-search"],"fullName":"safe-memory-search uses vector search when available","status":"failed","title":"uses vector search when available","duration":2.706833000000003,"failureMessages":["Error: Cannot find module '/tools/memory/safe-memory-search.ts' imported from '/Users/hd/openclaw/tests/test-utils.ts'\n    at reviveInvokeError (file:///Users/hd/openclaw/node_modules/vite/dist/node/module-runner.js:475:14)\n    at Object.invoke (file:///Users/hd/openclaw/node_modules/vite/dist/node/module-runner.js:491:33)\n    at processTicksAndRejections (node:internal/process/task_queues:105:5)\n    at VitestModuleRunner.getModuleInformation (file:///Users/hd/openclaw/node_modules/vite/dist/node/module-runner.js:1086:7)\n    at request (file:///Users/hd/openclaw/node_modules/vite/dist/node/module-runner.js:1103:83)\n    at /Users/hd/openclaw/tests/memory/safe-memory-search.test.ts:69:5\n    at file:///Users/hd/openclaw/node_modules/@vitest/runner/dist/index.js:915:20"],"meta":{}},{"ancestorTitles":["safe-memory-search"],"fullName":"safe-memory-search falls back to keyword search on vector failure","status":"failed","title":"falls back to keyword search on vector failure","duration":1.708541000000011,"failureMessages":["Error: Cannot find module '/tools/memory/safe-memory-search.ts' imported from '/Users/hd/openclaw/tests/test-utils.ts'\n    at reviveInvokeError (file:///Users/hd/openclaw/node_modules/vite/dist/node/module-runner.js:475:14)\n    at Object.invoke (file:///Users/hd/openclaw/node_modules/vite/dist/node/module-runner.js:491:33)\n    at processTicksAndRejections (node:internal/process/task_queues:105:5)\n    at VitestModuleRunner.getModuleInformation (file:///Users/hd/openclaw/node_modules/vite/dist/node/module-runner.js:1086:7)\n    at request (file:///Users/hd/openclaw/node_modules/vite/dist/node/module-runner.js:1103:83)\n    at /Users/hd/openclaw/tests/memory/safe-memory-search.test.ts:92:5\n    at file:///Users/hd/openclaw/node_modules/@vitest/runner/dist/index.js:915:20"],"meta":{}}],"startTime":1772404961453,"endTime":1772404961464.7085,"status":"failed","message":"","name":"/Users/hd/openclaw/tests/memory/safe-memory-search.test.ts"},{"assertionResults":[{"ancestorTitles":["vector-health-gate"],"fullName":"vector-health-gate prints help and exits early","status":"failed","title":"prints help and exits early","duration":4.283500000000004,"failureMessages":["Error: Cannot find module '/tools/memory/vector-health-gate.ts' imported from '/Users/hd/openclaw/tests/test-utils.ts'\n    at reviveInvokeError (file:///Users/hd/openclaw/node_modules/vite/dist/node/module-runner.js:475:14)\n    at Object.invoke (file:///Users/hd/openclaw/node_modules/vite/dist/node/module-runner.js:491:33)\n    at processTicksAndRejections (node:internal/process/task_queues:105:5)\n    at VitestModuleRunner.getModuleInformation (file:///Users/hd/openclaw/node_modules/vite/dist/node/module-runner.js:1086:7)\n    at request (file:///Users/hd/openclaw/node_modules/vite/dist/node/module-runner.js:1103:83)\n    at /Users/hd/openclaw/tests/memory/vector-health-gate.test.ts:47:5\n    at file:///Users/hd/openclaw/node_modules/@vitest/runner/dist/index.js:915:20"],"meta":{}},{"ancestorTitles":["vector-health-gate"],"fullName":"vector-health-gate queues reindex when chunks are zero","status":"failed","title":"queues reindex when chunks are zero","duration":2.661625000000001,"failureMessages":["Error: Cannot find module '/tools/memory/vector-health-gate.ts' imported from '/Users/hd/openclaw/tests/test-utils.ts'\n    at reviveInvokeError (file:///Users/hd/openclaw/node_modules/vite/dist/node/module-runner.js:475:14)\n    at Object.invoke (file:///Users/hd/openclaw/node_modules/vite/dist/node/module-runner.js:491:33)\n    at processTicksAndRejections (node:internal/process/task_queues:105:5)\n    at VitestModuleRunner.getModuleInformation (file:///Users/hd/openclaw/node_modules/vite/dist/node/module-runner.js:1086:7)\n    at request (file:///Users/hd/openclaw/node_modules/vite/dist/node/module-runner.js:1103:83)\n    at /Users/hd/openclaw/tests/memory/vector-health-gate.test.ts:72:5\n    at file:///Users/hd/openclaw/node_modules/@vitest/runner/dist/index.js:915:20"],"meta":{}},{"ancestorTitles":["vector-health-gate"],"fullName":"vector-health-gate enters fallback after three consecutive 429s","status":"failed","title":"enters fallback after three consecutive 429s","duration":2.243166000000002,"failureMessages":["Error: Cannot find module '/tools/memory/vector-health-gate.ts' imported from '/Users/hd/openclaw/tests/test-utils.ts'\n    at reviveInvokeError (file:///Users/hd/openclaw/node_modules/vite/dist/node/module-runner.js:475:14)\n    at Object.invoke (file:///Users/hd/openclaw/node_modules/vite/dist/node/module-runner.js:491:33)\n    at processTicksAndRejections (node:internal/process/task_queues:105:5)\n    at VitestModuleRunner.getModuleInformation (file:///Users/hd/openclaw/node_modules/vite/dist/node/module-runner.js:1086:7)\n    at request (file:///Users/hd/openclaw/node_modules/vite/dist/node/module-runner.js:1103:83)\n    at /Users/hd/openclaw/tests/memory/vector-health-gate.test.ts:98:5\n    at file:///Users/hd/openclaw/node_modules/@vitest/runner/dist/index.js:915:20"],"meta":{}}],"startTime":1772404961453,"endTime":1772404961462.2432,"status":"failed","message":"","name":"/Users/hd/openclaw/tests/memory/vector-health-gate.test.ts"},{"assertionResults":[{"ancestorTitles":["tools/qa/validate-system.ts"],"fullName":"tools/qa/validate-system.ts has no exported functions (CLI-only module)","status":"passed","title":"has no exported functions (CLI-only module)","duration":0.5594159999999988,"failureMessages":[],"meta":{}},{"ancestorTitles":["tools/qa/validate-system.ts"],"fullName":"tools/qa/validate-system.ts skips direct import testing because module executes main() at top-level","status":"passed","title":"skips direct import testing because module executes main() at top-level","duration":0.16979200000000105,"failureMessages":[],"meta":{}}],"startTime":1772404961695,"endTime":1772404961696.1697,"status":"passed","message":"","name":"/Users/hd/openclaw/tests/qa/validate-system.test.ts"},{"assertionResults":[{"ancestorTitles":["cdr-freshness-gate"],"fullName":"cdr-freshness-gate fails when no completed runs exist","status":"passed","title":"fails when no completed runs exist","duration":91.069041,"failureMessages":[],"meta":{}},{"ancestorTitles":["cdr-freshness-gate"],"fullName":"cdr-freshness-gate passes on fresh, healthy, sufficiently-covered run","status":"passed","title":"passes on fresh, healthy, sufficiently-covered run","duration":91.44958400000002,"failureMessages":[],"meta":{}},{"ancestorTitles":["cdr-freshness-gate"],"fullName":"cdr-freshness-gate fails on stale run","status":"failed","title":"fails on stale run","duration":80.73670900000002,"failureMessages":["AssertionError: expected 'high_error_ratio' to be 'stale' // Object.is equality\n    at /Users/hd/openclaw/tests/sae/cdr-freshness-gate.test.ts:90:27\n    at file:///Users/hd/openclaw/node_modules/@vitest/runner/dist/index.js:145:11\n    at file:///Users/hd/openclaw/node_modules/@vitest/runner/dist/index.js:915:26\n    at file:///Users/hd/openclaw/node_modules/@vitest/runner/dist/index.js:1243:20\n    at new Promise (<anonymous>)\n    at runWithTimeout (file:///Users/hd/openclaw/node_modules/@vitest/runner/dist/index.js:1209:10)\n    at file:///Users/hd/openclaw/node_modules/@vitest/runner/dist/index.js:1653:37\n    at Traces.$ (file:///Users/hd/openclaw/node_modules/vitest/dist/chunks/traces.CCmnQaNT.js:142:27)\n    at trace (file:///Users/hd/openclaw/node_modules/vitest/dist/chunks/test.B8ej_ZHS.js:239:21)\n    at runTest (file:///Users/hd/openclaw/node_modules/@vitest/runner/dist/index.js:1653:12)"],"meta":{}},{"ancestorTitles":["cdr-freshness-gate"],"fullName":"cdr-freshness-gate fails on high error ratio","status":"passed","title":"fails on high error ratio","duration":72.585916,"failureMessages":[],"meta":{}}],"startTime":1772404961469,"endTime":1772404961805.586,"status":"failed","message":"","name":"/Users/hd/openclaw/tests/sae/cdr-freshness-gate.test.ts"},{"assertionResults":[{"ancestorTitles":["sae migration"],"fullName":"sae migration applies cleanly and creates required objects","status":"passed","title":"applies cleanly and creates required objects","duration":29.651082999999986,"failureMessages":[],"meta":{}},{"ancestorTitles":["wsb-run-tracker"],"fullName":"wsb-run-tracker startRun inserts metadata row and completeRun updates stats","status":"passed","title":"startRun inserts metadata row and completeRun updates stats","duration":56.24116699999999,"failureMessages":[],"meta":{}},{"ancestorTitles":["wsb-run-tracker"],"fullName":"wsb-run-tracker getLatestCompletedRun returns most recent completed metadata","status":"passed","title":"getLatestCompletedRun returns most recent completed metadata","duration":14.61504099999999,"failureMessages":[],"meta":{}}],"startTime":1772404961604,"endTime":1772404961704.615,"status":"passed","message":"","name":"/Users/hd/openclaw/tests/sae/wsb-run-tracker.test.ts"},{"assertionResults":[{"ancestorTitles":["reconcile-sessions"],"fullName":"reconcile-sessions exits with child status","status":"failed","title":"exits with child status","duration":26.000291000000004,"failureMessages":["Error: promise resolved \"{ [Symbol(Symbol.toStringTag)]: 'Mod…' }\" instead of rejecting\n    at _Assertion.__VITEST_REJECTS__ (file:///Users/hd/openclaw/node_modules/@vitest/expect/dist/index.js:1675:17)\n    at _Assertion.propertyGetter (file:///Users/hd/openclaw/node_modules/chai/index.js:1570:27)\n    at Reflect.get (<anonymous>)\n    at Object.proxyGetter [as get] (file:///Users/hd/openclaw/node_modules/chai/index.js:1659:22)\n    at /Users/hd/openclaw/tests/session-reconciler/reconcile-sessions.test.ts:36:85\n    at file:///Users/hd/openclaw/node_modules/@vitest/runner/dist/index.js:145:11\n    at file:///Users/hd/openclaw/node_modules/@vitest/runner/dist/index.js:915:26\n    at file:///Users/hd/openclaw/node_modules/@vitest/runner/dist/index.js:1243:20\n    at new Promise (<anonymous>)\n    at runWithTimeout (file:///Users/hd/openclaw/node_modules/@vitest/runner/dist/index.js:1209:10)"],"meta":{}},{"ancestorTitles":["reconcile-sessions"],"fullName":"reconcile-sessions propagates non-zero status","status":"failed","title":"propagates non-zero status","duration":1.0764159999999947,"failureMessages":["Error: promise resolved \"{ [Symbol(Symbol.toStringTag)]: 'Mod…' }\" instead of rejecting\n    at _Assertion.__VITEST_REJECTS__ (file:///Users/hd/openclaw/node_modules/@vitest/expect/dist/index.js:1675:17)\n    at _Assertion.propertyGetter (file:///Users/hd/openclaw/node_modules/chai/index.js:1570:27)\n    at Reflect.get (<anonymous>)\n    at Object.proxyGetter [as get] (file:///Users/hd/openclaw/node_modules/chai/index.js:1659:22)\n    at /Users/hd/openclaw/tests/session-reconciler/reconcile-sessions.test.ts:47:85\n    at file:///Users/hd/openclaw/node_modules/@vitest/runner/dist/index.js:145:11\n    at file:///Users/hd/openclaw/node_modules/@vitest/runner/dist/index.js:915:26\n    at file:///Users/hd/openclaw/node_modules/@vitest/runner/dist/index.js:1243:20\n    at new Promise (<anonymous>)\n    at runWithTimeout (file:///Users/hd/openclaw/node_modules/@vitest/runner/dist/index.js:1209:10)"],"meta":{}},{"ancestorTitles":["reconcile-sessions"],"fullName":"reconcile-sessions defaults to exit 1 when status missing","status":"failed","title":"defaults to exit 1 when status missing","duration":1.0101669999999956,"failureMessages":["Error: promise resolved \"{ [Symbol(Symbol.toStringTag)]: 'Mod…' }\" instead of rejecting\n    at _Assertion.__VITEST_REJECTS__ (file:///Users/hd/openclaw/node_modules/@vitest/expect/dist/index.js:1675:17)\n    at _Assertion.propertyGetter (file:///Users/hd/openclaw/node_modules/chai/index.js:1570:27)\n    at Reflect.get (<anonymous>)\n    at Object.proxyGetter [as get] (file:///Users/hd/openclaw/node_modules/chai/index.js:1659:22)\n    at /Users/hd/openclaw/tests/session-reconciler/reconcile-sessions.test.ts:58:85\n    at file:///Users/hd/openclaw/node_modules/@vitest/runner/dist/index.js:145:11\n    at file:///Users/hd/openclaw/node_modules/@vitest/runner/dist/index.js:915:26\n    at file:///Users/hd/openclaw/node_modules/@vitest/runner/dist/index.js:1243:20\n    at new Promise (<anonymous>)\n    at runWithTimeout (file:///Users/hd/openclaw/node_modules/@vitest/runner/dist/index.js:1209:10)"],"meta":{}}],"startTime":1772404961458,"endTime":1772404961486.0103,"status":"failed","message":"","name":"/Users/hd/openclaw/tests/session-reconciler/reconcile-sessions.test.ts"},{"assertionResults":[{"ancestorTitles":["spawn-preflight"],"fullName":"spawn-preflight exits with child status","status":"failed","title":"exits with child status","duration":38.588583,"failureMessages":["Error: promise resolved \"{ [Symbol(Symbol.toStringTag)]: 'Mod…' }\" instead of rejecting\n    at _Assertion.__VITEST_REJECTS__ (file:///Users/hd/openclaw/node_modules/@vitest/expect/dist/index.js:1675:17)\n    at _Assertion.propertyGetter (file:///Users/hd/openclaw/node_modules/chai/index.js:1570:27)\n    at Reflect.get (<anonymous>)\n    at Object.proxyGetter [as get] (file:///Users/hd/openclaw/node_modules/chai/index.js:1659:22)\n    at /Users/hd/openclaw/tests/spawn-preflight/preflight.test.ts:36:73\n    at file:///Users/hd/openclaw/node_modules/@vitest/runner/dist/index.js:145:11\n    at file:///Users/hd/openclaw/node_modules/@vitest/runner/dist/index.js:915:26\n    at file:///Users/hd/openclaw/node_modules/@vitest/runner/dist/index.js:1243:20\n    at new Promise (<anonymous>)\n    at runWithTimeout (file:///Users/hd/openclaw/node_modules/@vitest/runner/dist/index.js:1209:10)"],"meta":{}},{"ancestorTitles":["spawn-preflight"],"fullName":"spawn-preflight propagates non-zero status","status":"failed","title":"propagates non-zero status","duration":1.1195839999999748,"failureMessages":["Error: promise resolved \"{ [Symbol(Symbol.toStringTag)]: 'Mod…' }\" instead of rejecting\n    at _Assertion.__VITEST_REJECTS__ (file:///Users/hd/openclaw/node_modules/@vitest/expect/dist/index.js:1675:17)\n    at _Assertion.propertyGetter (file:///Users/hd/openclaw/node_modules/chai/index.js:1570:27)\n    at Reflect.get (<anonymous>)\n    at Object.proxyGetter [as get] (file:///Users/hd/openclaw/node_modules/chai/index.js:1659:22)\n    at /Users/hd/openclaw/tests/spawn-preflight/preflight.test.ts:45:73\n    at file:///Users/hd/openclaw/node_modules/@vitest/runner/dist/index.js:145:11\n    at file:///Users/hd/openclaw/node_modules/@vitest/runner/dist/index.js:915:26\n    at file:///Users/hd/openclaw/node_modules/@vitest/runner/dist/index.js:1243:20\n    at new Promise (<anonymous>)\n    at runWithTimeout (file:///Users/hd/openclaw/node_modules/@vitest/runner/dist/index.js:1209:10)"],"meta":{}},{"ancestorTitles":["spawn-preflight"],"fullName":"spawn-preflight defaults to exit 1 when status missing","status":"failed","title":"defaults to exit 1 when status missing","duration":1.0473340000000064,"failureMessages":["Error: promise resolved \"{ [Symbol(Symbol.toStringTag)]: 'Mod…' }\" instead of rejecting\n    at _Assertion.__VITEST_REJECTS__ (file:///Users/hd/openclaw/node_modules/@vitest/expect/dist/index.js:1675:17)\n    at _Assertion.propertyGetter (file:///Users/hd/openclaw/node_modules/chai/index.js:1570:27)\n    at Reflect.get (<anonymous>)\n    at Object.proxyGetter [as get] (file:///Users/hd/openclaw/node_modules/chai/index.js:1659:22)\n    at /Users/hd/openclaw/tests/spawn-preflight/preflight.test.ts:54:73\n    at file:///Users/hd/openclaw/node_modules/@vitest/runner/dist/index.js:145:11\n    at file:///Users/hd/openclaw/node_modules/@vitest/runner/dist/index.js:915:26\n    at file:///Users/hd/openclaw/node_modules/@vitest/runner/dist/index.js:1243:20\n    at new Promise (<anonymous>)\n    at runWithTimeout (file:///Users/hd/openclaw/node_modules/@vitest/runner/dist/index.js:1209:10)"],"meta":{}}],"startTime":1772404961273,"endTime":1772404961314.0474,"status":"failed","message":"","name":"/Users/hd/openclaw/tests/spawn-preflight/preflight.test.ts"},{"assertionResults":[{"ancestorTitles":["retry-engine"],"fullName":"retry-engine exits with child status","status":"failed","title":"exits with child status","duration":36.842332999999996,"failureMessages":["Error: promise resolved \"{ [Symbol(Symbol.toStringTag)]: 'Mod…' }\" instead of rejecting\n    at _Assertion.__VITEST_REJECTS__ (file:///Users/hd/openclaw/node_modules/@vitest/expect/dist/index.js:1675:17)\n    at _Assertion.propertyGetter (file:///Users/hd/openclaw/node_modules/chai/index.js:1570:27)\n    at Reflect.get (<anonymous>)\n    at Object.proxyGetter [as get] (file:///Users/hd/openclaw/node_modules/chai/index.js:1659:22)\n    at /Users/hd/openclaw/tests/spawn-preflight/retry-engine.test.ts:36:76\n    at file:///Users/hd/openclaw/node_modules/@vitest/runner/dist/index.js:145:11\n    at file:///Users/hd/openclaw/node_modules/@vitest/runner/dist/index.js:915:26\n    at file:///Users/hd/openclaw/node_modules/@vitest/runner/dist/index.js:1243:20\n    at new Promise (<anonymous>)\n    at runWithTimeout (file:///Users/hd/openclaw/node_modules/@vitest/runner/dist/index.js:1209:10)"],"meta":{}},{"ancestorTitles":["retry-engine"],"fullName":"retry-engine propagates non-zero status","status":"failed","title":"propagates non-zero status","duration":1.0399170000000026,"failureMessages":["Error: promise resolved \"{ [Symbol(Symbol.toStringTag)]: 'Mod…' }\" instead of rejecting\n    at _Assertion.__VITEST_REJECTS__ (file:///Users/hd/openclaw/node_modules/@vitest/expect/dist/index.js:1675:17)\n    at _Assertion.propertyGetter (file:///Users/hd/openclaw/node_modules/chai/index.js:1570:27)\n    at Reflect.get (<anonymous>)\n    at Object.proxyGetter [as get] (file:///Users/hd/openclaw/node_modules/chai/index.js:1659:22)\n    at /Users/hd/openclaw/tests/spawn-preflight/retry-engine.test.ts:45:76\n    at file:///Users/hd/openclaw/node_modules/@vitest/runner/dist/index.js:145:11\n    at file:///Users/hd/openclaw/node_modules/@vitest/runner/dist/index.js:915:26\n    at file:///Users/hd/openclaw/node_modules/@vitest/runner/dist/index.js:1243:20\n    at new Promise (<anonymous>)\n    at runWithTimeout (file:///Users/hd/openclaw/node_modules/@vitest/runner/dist/index.js:1209:10)"],"meta":{}},{"ancestorTitles":["retry-engine"],"fullName":"retry-engine defaults to exit 1 when status missing","status":"failed","title":"defaults to exit 1 when status missing","duration":1.460916999999995,"failureMessages":["Error: promise resolved \"{ [Symbol(Symbol.toStringTag)]: 'Mod…' }\" instead of rejecting\n    at _Assertion.__VITEST_REJECTS__ (file:///Users/hd/openclaw/node_modules/@vitest/expect/dist/index.js:1675:17)\n    at _Assertion.propertyGetter (file:///Users/hd/openclaw/node_modules/chai/index.js:1570:27)\n    at Reflect.get (<anonymous>)\n    at Object.proxyGetter [as get] (file:///Users/hd/openclaw/node_modules/chai/index.js:1659:22)\n    at /Users/hd/openclaw/tests/spawn-preflight/retry-engine.test.ts:54:76\n    at file:///Users/hd/openclaw/node_modules/@vitest/runner/dist/index.js:145:11\n    at file:///Users/hd/openclaw/node_modules/@vitest/runner/dist/index.js:915:26\n    at file:///Users/hd/openclaw/node_modules/@vitest/runner/dist/index.js:1243:20\n    at new Promise (<anonymous>)\n    at runWithTimeout (file:///Users/hd/openclaw/node_modules/@vitest/runner/dist/index.js:1209:10)"],"meta":{}}],"startTime":1772404961272,"endTime":1772404961311.461,"status":"failed","message":"","name":"/Users/hd/openclaw/tests/spawn-preflight/retry-engine.test.ts"},{"assertionResults":[{"ancestorTitles":["check-subagents"],"fullName":"check-subagents reports failure when openclaw sessions fails","status":"passed","title":"reports failure when openclaw sessions fails","duration":21.900082999999995,"failureMessages":[],"meta":{}},{"ancestorTitles":["check-subagents"],"fullName":"check-subagents handles empty session list","status":"passed","title":"handles empty session list","duration":2.4998749999999887,"failureMessages":[],"meta":{}},{"ancestorTitles":["check-subagents"],"fullName":"check-subagents logs and alerts on a failed subagent","status":"skipped","title":"logs and alerts on a failed subagent","failureMessages":[],"meta":{}}],"startTime":1772404961580,"endTime":1772404961604.4998,"status":"passed","message":"","name":"/Users/hd/openclaw/tests/subagent-watchdog/check-subagents.test.ts"},{"assertionResults":[{"ancestorTitles":["skills/telegram-usage/handler"],"fullName":"skills/telegram-usage/handler formatDuration handles minute/hour boundaries","status":"passed","title":"formatDuration handles minute/hour boundaries","duration":0.6281659999999931,"failureMessages":[],"meta":{}},{"ancestorTitles":["skills/telegram-usage/handler"],"fullName":"skills/telegram-usage/handler formatNumber adds thousands separators","status":"passed","title":"formatNumber adds thousands separators","duration":9.220084,"failureMessages":[],"meta":{}},{"ancestorTitles":["skills/telegram-usage/handler"],"fullName":"skills/telegram-usage/handler getQuotaIndicator returns emoji by threshold","status":"passed","title":"getQuotaIndicator returns emoji by threshold","duration":0.1829579999999993,"failureMessages":[],"meta":{}},{"ancestorTitles":["skills/telegram-usage/handler"],"fullName":"skills/telegram-usage/handler generateUsageReport includes expected sections and values","status":"passed","title":"generateUsageReport includes expected sections and values","duration":0.2601670000000098,"failureMessages":[],"meta":{}},{"ancestorTitles":["skills/telegram-usage/handler"],"fullName":"skills/telegram-usage/handler parseContextData handles valid and null input","status":"passed","title":"parseContextData handles valid and null input","duration":0.3670839999999913,"failureMessages":[],"meta":{}}],"startTime":1772404961598,"endTime":1772404961609.3672,"status":"passed","message":"","name":"/Users/hd/openclaw/tests/telegram-usage/handler.test.ts"},{"assertionResults":[{"ancestorTitles":["skills/telegram-usage/session-reader"],"fullName":"skills/telegram-usage/session-reader getSessionStorePath returns expected structure","status":"passed","title":"getSessionStorePath returns expected structure","duration":0.6329579999999879,"failureMessages":[],"meta":{}},{"ancestorTitles":["skills/telegram-usage/session-reader"],"fullName":"skills/telegram-usage/session-reader getNextResetTime returns a future Date","status":"passed","title":"getNextResetTime returns a future Date","duration":0.9437089999999984,"failureMessages":[],"meta":{}},{"ancestorTitles":["skills/telegram-usage/session-reader"],"fullName":"skills/telegram-usage/session-reader getTimeUntilReset returns positive number","status":"passed","title":"getTimeUntilReset returns positive number","duration":0.08212500000000489,"failureMessages":[],"meta":{}},{"ancestorTitles":["skills/telegram-usage/session-reader"],"fullName":"skills/telegram-usage/session-reader formatDuration formats expected values","status":"passed","title":"formatDuration formats expected values","duration":0.2392499999999984,"failureMessages":[],"meta":{}},{"ancestorTitles":["skills/telegram-usage/session-reader"],"fullName":"skills/telegram-usage/session-reader getQuotaIndicator returns threshold emojis","status":"passed","title":"getQuotaIndicator returns threshold emojis","duration":0.12258400000000336,"failureMessages":[],"meta":{}},{"ancestorTitles":["skills/telegram-usage/session-reader"],"fullName":"skills/telegram-usage/session-reader estimateContextUsage uses known model windows","status":"passed","title":"estimateContextUsage uses known model windows","duration":0.20754200000000367,"failureMessages":[],"meta":{}},{"ancestorTitles":["skills/telegram-usage/session-reader"],"fullName":"skills/telegram-usage/session-reader collectUsageStats returns default structure when session not found","status":"passed","title":"collectUsageStats returns default structure when session not found","duration":0.9902909999999991,"failureMessages":[],"meta":{}}],"startTime":1772404961592,"endTime":1772404961595.9902,"status":"passed","message":"","name":"/Users/hd/openclaw/tests/telegram-usage/session-reader.test.ts"},{"assertionResults":[{"ancestorTitles":["log-decision"],"fullName":"log-decision requires trigger/action fields","status":"failed","title":"requires trigger/action fields","duration":35.839624999999984,"failureMessages":["Error: promise resolved \"{ [Symbol(Symbol.toStringTag)]: 'Mod…' }\" instead of rejecting\n    at _Assertion.__VITEST_REJECTS__ (file:///Users/hd/openclaw/node_modules/@vitest/expect/dist/index.js:1675:17)\n    at _Assertion.propertyGetter (file:///Users/hd/openclaw/node_modules/chai/index.js:1570:27)\n    at Reflect.get (<anonymous>)\n    at Object.proxyGetter [as get] (file:///Users/hd/openclaw/node_modules/chai/index.js:1659:22)\n    at /Users/hd/openclaw/tests/tracing/log-decision.test.ts:29:68\n    at file:///Users/hd/openclaw/node_modules/@vitest/runner/dist/index.js:145:11\n    at file:///Users/hd/openclaw/node_modules/@vitest/runner/dist/index.js:915:26\n    at file:///Users/hd/openclaw/node_modules/@vitest/runner/dist/index.js:1243:20\n    at new Promise (<anonymous>)\n    at runWithTimeout (file:///Users/hd/openclaw/node_modules/@vitest/runner/dist/index.js:1209:10)"],"meta":{}},{"ancestorTitles":["log-decision"],"fullName":"log-decision rejects invalid confidence","status":"failed","title":"rejects invalid confidence","duration":1.2540419999999983,"failureMessages":["Error: promise resolved \"{ [Symbol(Symbol.toStringTag)]: 'Mod…' }\" instead of rejecting\n    at _Assertion.__VITEST_REJECTS__ (file:///Users/hd/openclaw/node_modules/@vitest/expect/dist/index.js:1675:17)\n    at _Assertion.propertyGetter (file:///Users/hd/openclaw/node_modules/chai/index.js:1570:27)\n    at Reflect.get (<anonymous>)\n    at Object.proxyGetter [as get] (file:///Users/hd/openclaw/node_modules/chai/index.js:1659:22)\n    at /Users/hd/openclaw/tests/tracing/log-decision.test.ts:48:68\n    at file:///Users/hd/openclaw/node_modules/@vitest/runner/dist/index.js:145:11\n    at file:///Users/hd/openclaw/node_modules/@vitest/runner/dist/index.js:915:26\n    at file:///Users/hd/openclaw/node_modules/@vitest/runner/dist/index.js:1243:20\n    at new Promise (<anonymous>)\n    at runWithTimeout (file:///Users/hd/openclaw/node_modules/@vitest/runner/dist/index.js:1209:10)"],"meta":{}},{"ancestorTitles":["log-decision"],"fullName":"log-decision logs a decision trace","status":"failed","title":"logs a decision trace","duration":1.1494579999999814,"failureMessages":["Error: promise resolved \"{ [Symbol(Symbol.toStringTag)]: 'Mod…' }\" instead of rejecting\n    at _Assertion.__VITEST_REJECTS__ (file:///Users/hd/openclaw/node_modules/@vitest/expect/dist/index.js:1675:17)\n    at _Assertion.propertyGetter (file:///Users/hd/openclaw/node_modules/chai/index.js:1570:27)\n    at Reflect.get (<anonymous>)\n    at Object.proxyGetter [as get] (file:///Users/hd/openclaw/node_modules/chai/index.js:1659:22)\n    at /Users/hd/openclaw/tests/tracing/log-decision.test.ts:74:68\n    at file:///Users/hd/openclaw/node_modules/@vitest/runner/dist/index.js:145:11\n    at file:///Users/hd/openclaw/node_modules/@vitest/runner/dist/index.js:915:26\n    at file:///Users/hd/openclaw/node_modules/@vitest/runner/dist/index.js:1243:20\n    at new Promise (<anonymous>)\n    at runWithTimeout (file:///Users/hd/openclaw/node_modules/@vitest/runner/dist/index.js:1209:10)"],"meta":{}}],"startTime":1772404961273,"endTime":1772404961311.1494,"status":"failed","message":"","name":"/Users/hd/openclaw/tests/tracing/log-decision.test.ts"},{"assertionResults":[{"ancestorTitles":["auto-chain"],"fullName":"auto-chain exits with child status","status":"failed","title":"exits with child status","duration":13.589332999999996,"failureMessages":["Error: promise resolved \"{ [Symbol(Symbol.toStringTag)]: 'Mod…' }\" instead of rejecting\n    at _Assertion.__VITEST_REJECTS__ (file:///Users/hd/openclaw/node_modules/@vitest/expect/dist/index.js:1675:17)\n    at _Assertion.propertyGetter (file:///Users/hd/openclaw/node_modules/chai/index.js:1570:27)\n    at Reflect.get (<anonymous>)\n    at Object.proxyGetter [as get] (file:///Users/hd/openclaw/node_modules/chai/index.js:1659:22)\n    at /Users/hd/openclaw/tests/task-board/auto-chain.test.ts:36:69\n    at file:///Users/hd/openclaw/node_modules/@vitest/runner/dist/index.js:145:11\n    at file:///Users/hd/openclaw/node_modules/@vitest/runner/dist/index.js:915:26\n    at file:///Users/hd/openclaw/node_modules/@vitest/runner/dist/index.js:1243:20\n    at new Promise (<anonymous>)\n    at runWithTimeout (file:///Users/hd/openclaw/node_modules/@vitest/runner/dist/index.js:1209:10)"],"meta":{}},{"ancestorTitles":["auto-chain"],"fullName":"auto-chain propagates non-zero status","status":"failed","title":"propagates non-zero status","duration":1.197375000000008,"failureMessages":["Error: promise resolved \"{ [Symbol(Symbol.toStringTag)]: 'Mod…' }\" instead of rejecting\n    at _Assertion.__VITEST_REJECTS__ (file:///Users/hd/openclaw/node_modules/@vitest/expect/dist/index.js:1675:17)\n    at _Assertion.propertyGetter (file:///Users/hd/openclaw/node_modules/chai/index.js:1570:27)\n    at Reflect.get (<anonymous>)\n    at Object.proxyGetter [as get] (file:///Users/hd/openclaw/node_modules/chai/index.js:1659:22)\n    at /Users/hd/openclaw/tests/task-board/auto-chain.test.ts:45:69\n    at file:///Users/hd/openclaw/node_modules/@vitest/runner/dist/index.js:145:11\n    at file:///Users/hd/openclaw/node_modules/@vitest/runner/dist/index.js:915:26\n    at file:///Users/hd/openclaw/node_modules/@vitest/runner/dist/index.js:1243:20\n    at new Promise (<anonymous>)\n    at runWithTimeout (file:///Users/hd/openclaw/node_modules/@vitest/runner/dist/index.js:1209:10)"],"meta":{}},{"ancestorTitles":["auto-chain"],"fullName":"auto-chain defaults to exit 1 on missing status","status":"failed","title":"defaults to exit 1 on missing status","duration":1.117750000000001,"failureMessages":["Error: promise resolved \"{ [Symbol(Symbol.toStringTag)]: 'Mod…' }\" instead of rejecting\n    at _Assertion.__VITEST_REJECTS__ (file:///Users/hd/openclaw/node_modules/@vitest/expect/dist/index.js:1675:17)\n    at _Assertion.propertyGetter (file:///Users/hd/openclaw/node_modules/chai/index.js:1570:27)\n    at Reflect.get (<anonymous>)\n    at Object.proxyGetter [as get] (file:///Users/hd/openclaw/node_modules/chai/index.js:1659:22)\n    at /Users/hd/openclaw/tests/task-board/auto-chain.test.ts:54:69\n    at file:///Users/hd/openclaw/node_modules/@vitest/runner/dist/index.js:145:11\n    at file:///Users/hd/openclaw/node_modules/@vitest/runner/dist/index.js:915:26\n    at file:///Users/hd/openclaw/node_modules/@vitest/runner/dist/index.js:1243:20\n    at new Promise (<anonymous>)\n    at runWithTimeout (file:///Users/hd/openclaw/node_modules/@vitest/runner/dist/index.js:1209:10)"],"meta":{}}],"startTime":1772404961448,"endTime":1772404961464.1177,"status":"failed","message":"","name":"/Users/hd/openclaw/tests/task-board/auto-chain.test.ts"},{"assertionResults":[{"ancestorTitles":["auto-executor"],"fullName":"auto-executor exits with the child status","status":"failed","title":"exits with the child status","duration":38.711916,"failureMessages":["Error: promise resolved \"{ [Symbol(Symbol.toStringTag)]: 'Mod…' }\" instead of rejecting\n    at _Assertion.__VITEST_REJECTS__ (file:///Users/hd/openclaw/node_modules/@vitest/expect/dist/index.js:1675:17)\n    at _Assertion.propertyGetter (file:///Users/hd/openclaw/node_modules/chai/index.js:1570:27)\n    at Reflect.get (<anonymous>)\n    at Object.proxyGetter [as get] (file:///Users/hd/openclaw/node_modules/chai/index.js:1659:22)\n    at /Users/hd/openclaw/tests/task-board/auto-executor.test.ts:36:72\n    at file:///Users/hd/openclaw/node_modules/@vitest/runner/dist/index.js:145:11\n    at file:///Users/hd/openclaw/node_modules/@vitest/runner/dist/index.js:915:26\n    at file:///Users/hd/openclaw/node_modules/@vitest/runner/dist/index.js:1243:20\n    at new Promise (<anonymous>)\n    at runWithTimeout (file:///Users/hd/openclaw/node_modules/@vitest/runner/dist/index.js:1209:10)"],"meta":{}},{"ancestorTitles":["auto-executor"],"fullName":"auto-executor propagates non-zero status","status":"failed","title":"propagates non-zero status","duration":1.1298749999999984,"failureMessages":["Error: promise resolved \"{ [Symbol(Symbol.toStringTag)]: 'Mod…' }\" instead of rejecting\n    at _Assertion.__VITEST_REJECTS__ (file:///Users/hd/openclaw/node_modules/@vitest/expect/dist/index.js:1675:17)\n    at _Assertion.propertyGetter (file:///Users/hd/openclaw/node_modules/chai/index.js:1570:27)\n    at Reflect.get (<anonymous>)\n    at Object.proxyGetter [as get] (file:///Users/hd/openclaw/node_modules/chai/index.js:1659:22)\n    at /Users/hd/openclaw/tests/task-board/auto-executor.test.ts:45:72\n    at file:///Users/hd/openclaw/node_modules/@vitest/runner/dist/index.js:145:11\n    at file:///Users/hd/openclaw/node_modules/@vitest/runner/dist/index.js:915:26\n    at file:///Users/hd/openclaw/node_modules/@vitest/runner/dist/index.js:1243:20\n    at new Promise (<anonymous>)\n    at runWithTimeout (file:///Users/hd/openclaw/node_modules/@vitest/runner/dist/index.js:1209:10)"],"meta":{}},{"ancestorTitles":["auto-executor"],"fullName":"auto-executor defaults to exit 1 when status is missing","status":"failed","title":"defaults to exit 1 when status is missing","duration":1.0387079999999855,"failureMessages":["Error: promise resolved \"{ [Symbol(Symbol.toStringTag)]: 'Mod…' }\" instead of rejecting\n    at _Assertion.__VITEST_REJECTS__ (file:///Users/hd/openclaw/node_modules/@vitest/expect/dist/index.js:1675:17)\n    at _Assertion.propertyGetter (file:///Users/hd/openclaw/node_modules/chai/index.js:1570:27)\n    at Reflect.get (<anonymous>)\n    at Object.proxyGetter [as get] (file:///Users/hd/openclaw/node_modules/chai/index.js:1659:22)\n    at /Users/hd/openclaw/tests/task-board/auto-executor.test.ts:54:72\n    at file:///Users/hd/openclaw/node_modules/@vitest/runner/dist/index.js:145:11\n    at file:///Users/hd/openclaw/node_modules/@vitest/runner/dist/index.js:915:26\n    at file:///Users/hd/openclaw/node_modules/@vitest/runner/dist/index.js:1243:20\n    at new Promise (<anonymous>)\n    at runWithTimeout (file:///Users/hd/openclaw/node_modules/@vitest/runner/dist/index.js:1209:10)"],"meta":{}}],"startTime":1772404961273,"endTime":1772404961314.0388,"status":"failed","message":"","name":"/Users/hd/openclaw/tests/task-board/auto-executor.test.ts"}]}